\BOOKMARK [1][-]{section.1}{Inledning}{}% 1
\BOOKMARK [2][-]{subsection.1.1}{Syfte}{section.1}% 2
\BOOKMARK [2][-]{subsection.1.2}{Utmaningar}{section.1}% 3
\BOOKMARK [2][-]{subsection.1.3}{Omfattning}{section.1}% 4
\BOOKMARK [1][-]{section.2}{Metod}{}% 5
\BOOKMARK [1][-]{section.3}{Teori}{}% 6
\BOOKMARK [2][-]{subsection.3.1}{NFC}{section.3}% 7
\BOOKMARK [3][-]{subsubsection.3.1.1}{NFC Stack}{subsection.3.1}% 8
\BOOKMARK [4][-]{paragraph.3.1.1.1}{NDEF}{subsubsection.3.1.1}% 9
\BOOKMARK [4][-]{paragraph.3.1.1.2}{SNEP}{subsubsection.3.1.1}% 10
\BOOKMARK [4][-]{paragraph.3.1.1.3}{LLCP}{subsubsection.3.1.1}% 11
\BOOKMARK [4][-]{paragraph.3.1.1.4}{RF-protokoll}{subsubsection.3.1.1}% 12
\BOOKMARK [4][-]{paragraph.3.1.1.5}{Ett typiskt kommunikationsf\366rlopp}{subsubsection.3.1.1}% 13
\BOOKMARK [3][-]{subsubsection.3.1.2}{S\344kerhet}{subsection.3.1}% 14
\BOOKMARK [4][-]{paragraph.3.1.2.1}{Tjuvlyssning}{subsubsection.3.1.2}% 15
\BOOKMARK [4][-]{paragraph.3.1.2.2}{Datamodifiering}{subsubsection.3.1.2}% 16
\BOOKMARK [4][-]{paragraph.3.1.2.3}{Man in the middle\344ttack}{subsubsection.3.1.2}% 17
\BOOKMARK [2][-]{subsection.3.2}{Android}{section.3}% 18
\BOOKMARK [3][-]{subsubsection.3.2.1}{NFC f\366r Android}{subsection.3.2}% 19
\BOOKMARK [2][-]{subsection.3.3}{Arduino}{section.3}% 20
\BOOKMARK [3][-]{subsubsection.3.3.1}{Arduino-specifika k\344llkodsbibliotek}{subsection.3.3}% 21
\BOOKMARK [3][-]{subsubsection.3.3.2}{NFC f\366r Arduino mha PN532 NFC/RFID Shield}{subsection.3.3}% 22
\BOOKMARK [4][-]{paragraph.3.3.2.1}{Generella Kommandon till PN532 NFC/RFID Shield}{subsubsection.3.3.2}% 23
\BOOKMARK [4][-]{paragraph.3.3.2.2}{Kommandon till PN532 NFC/RFID Shield d\345 enheten agerar m\345lenhet}{subsubsection.3.3.2}% 24
\BOOKMARK [1][-]{section.4}{Kravanalys och design}{}% 25
\BOOKMARK [2][-]{subsection.4.1}{Produktkrav}{section.4}% 26
\BOOKMARK [2][-]{subsection.4.2}{Kommunikationen mellan enheterna}{section.4}% 27
\BOOKMARK [3][-]{subsubsection.4.2.1}{Kommunikationsf\366rlopp}{subsection.4.2}% 28
\BOOKMARK [3][-]{subsubsection.4.2.2}{Meddelandetyper}{subsection.4.2}% 29
\BOOKMARK [3][-]{subsubsection.4.2.3}{S\344ker kommunikation}{subsection.4.2}% 30
\BOOKMARK [1][-]{section.5}{Material och verktyg}{}% 31
\BOOKMARK [2][-]{subsection.5.1}{Mikrokontroller}{section.5}% 32
\BOOKMARK [3][-]{subsubsection.5.1.1}{Utvecklingsmilj\366 och programspr\345k}{subsection.5.1}% 33
\BOOKMARK [3][-]{subsubsection.5.1.2}{Implementerade och intressant protokoll samt specifikationer}{subsection.5.1}% 34
\BOOKMARK [3][-]{subsubsection.5.1.3}{Val av k\344llkodsbibliotek f\366r implementation av NFC-stacken}{subsection.5.1}% 35
\BOOKMARK [3][-]{subsubsection.5.1.4}{ Val av k\344llkodbibliotek f\366r implementation av kommunikationss\344kerhet}{subsection.5.1}% 36
\BOOKMARK [2][-]{subsection.5.2}{Mobilapplikation}{section.5}% 37
\BOOKMARK [3][-]{subsubsection.5.2.1}{Utvecklingsmilj\366 och programspr\345k}{subsection.5.2}% 38
\BOOKMARK [3][-]{subsubsection.5.2.2}{Anv\344nda API:er}{subsection.5.2}% 39
\BOOKMARK [1][-]{section.6}{Genomf\366rande}{}% 40
\BOOKMARK [2][-]{subsection.6.1}{Utveckling av l\345senheten}{section.6}% 41
\BOOKMARK [3][-]{subsubsection.6.1.1}{RF-protokoll-lagret}{subsection.6.1}% 42
\BOOKMARK [4][-]{paragraph.6.1.1.1}{Kontroll av RF-protokollens funktioner}{subsubsection.6.1.1}% 43
\BOOKMARK [3][-]{subsubsection.6.1.2}{Kommunikation mellan Arduino och NFC-sk\366ld}{subsection.6.1}% 44
\BOOKMARK [3][-]{subsubsection.6.1.3}{LLCP-lagret}{subsection.6.1}% 45
\BOOKMARK [3][-]{subsubsection.6.1.4}{NPP- eller SNEP-lagret}{subsection.6.1}% 46
\BOOKMARK [3][-]{subsubsection.6.1.5}{NDEF-lagret}{subsection.6.1}% 47
\BOOKMARK [3][-]{subsubsection.6.1.6}{Applikationen, den som snurrar i loop\(\)}{subsection.6.1}% 48
\BOOKMARK [3][-]{subsubsection.6.1.7}{Fysisk implementering - \344r den aktuell?}{subsection.6.1}% 49
\BOOKMARK [2][-]{subsection.6.2}{Utveckling av mobilapplikationen}{section.6}% 50
\BOOKMARK [2][-]{subsection.6.3}{Utveckling av en prototyp best\345ende av b\345da enhterna}{section.6}% 51
\BOOKMARK [1][-]{section.7}{Resultat}{}% 52
\BOOKMARK [2][-]{subsection.7.1}{Produkten som helhet}{section.7}% 53
\BOOKMARK [2][-]{subsection.7.2}{Mobilapplikationen}{section.7}% 54
\BOOKMARK [2][-]{subsection.7.3}{L\345senheten}{section.7}% 55
\BOOKMARK [1][-]{section.8}{Diskussion}{}% 56
\BOOKMARK [2][-]{subsection.8.1}{Produkten}{section.8}% 57
\BOOKMARK [2][-]{subsection.8.2}{Arduino}{section.8}% 58
\BOOKMARK [2][-]{subsection.8.3}{Mobilapplikationen}{section.8}% 59
\BOOKMARK [1][-]{section.9}{Slutsats}{}% 60
